Command line arguments: -disable-compute-shaders
UnityEngine.StackTraceUtility:ExtractStackTrace ()
Verse.Log:Message (string)
Verse.Root:CheckGlobalInit ()
Verse.Root:Start ()
Verse.Root_Entry:Start ()

RimWorld 1.6.4633 rev1261
UnityEngine.StackTraceUtility:ExtractStackTrace ()
Verse.Log:Message (string)
RimWorld.VersionControl:LogVersionNumber ()
Verse.Root:CheckGlobalInit ()
Verse.Root:Start ()
Verse.Root_Entry:Start ()

Mod Nice Inventory Tab CE Integration dependency (andromeda.niceinventorytab) needs to have <downloadUrl> and/or <steamWorkshopUrl> specified.
UnityEngine.StackTraceUtility:ExtractStackTrace ()
Verse.Log:Warning (string)
Verse.ModMetaData/ModMetaDataInternal:ValidateDependencies (bool)
Verse.ModMetaData:Init ()
Verse.ModMetaData:.ctor (Verse.Steam.WorkshopItem)
Verse.ModLister:RebuildModList ()
Verse.ModLister:.cctor ()
Verse.ModsConfig:.cctor ()
Verse.LoadedModManager:InitializeMods ()
Verse.LoadedModManager:LoadAllActiveMods (bool)
Verse.PlayDataLoader:DoPlayLoad ()
Verse.PlayDataLoader:LoadAllPlayData (bool)
Verse.Root/<>c:<Start>b__10_1 ()
Verse.LongEventHandler:RunEventFromAnotherThread (System.Action)
Verse.LongEventHandler/<>c:<UpdateCurrentAsynchronousEvent>b__28_0 ()
System.Threading.ThreadHelper:ThreadStart_Context (object)
System.Threading.ExecutionContext:RunInternal (System.Threading.ExecutionContext,System.Threading.ContextCallback,object,bool)
System.Threading.ExecutionContext:Run (System.Threading.ExecutionContext,System.Threading.ContextCallback,object,bool)
System.Threading.ExecutionContext:Run (System.Threading.ExecutionContext,System.Threading.ContextCallback,object)
System.Threading.ThreadHelper:ThreadStart ()

[RimChat] Loaded faction prompts from C:/Users/Administrator/AppData/LocalLow/Ludeon Studios/RimWorld by Ludeon Studios\Config\RimChat\FactionPrompts.json
UnityEngine.StackTraceUtility:ExtractStackTrace ()
Verse.Log:Message (string)
RimChat.Config.FactionPromptManager:LoadConfigs ()
RimChat.Config.FactionPromptManager:Initialize ()
RimChat.Core.RimChatMod:.ctor (Verse.ModContentPack)
System.Reflection.RuntimeConstructorInfo:InternalInvoke (object,object[],bool)
System.Reflection.RuntimeConstructorInfo:DoInvoke (object,System.Reflection.BindingFlags,System.Reflection.Binder,object[],System.Globalization.CultureInfo)
System.Reflection.RuntimeConstructorInfo:Invoke (System.Reflection.BindingFlags,System.Reflection.Binder,object[],System.Globalization.CultureInfo)
System.RuntimeType:CreateInstanceImpl (System.Reflection.BindingFlags,System.Reflection.Binder,object[],System.Globalization.CultureInfo,object[],System.Threading.StackCrawlMark&)
System.Activator:CreateInstance (System.Type,System.Reflection.BindingFlags,System.Reflection.Binder,object[],System.Globalization.CultureInfo,object[])
System.Activator:CreateInstance (System.Type,object[])
Verse.LoadedModManager:CreateModClasses ()
Verse.LoadedModManager:LoadAllActiveMods (bool)
Verse.PlayDataLoader:DoPlayLoad ()
Verse.PlayDataLoader:LoadAllPlayData (bool)
Verse.Root/<>c:<Start>b__10_1 ()
Verse.LongEventHandler:RunEventFromAnotherThread (System.Action)
Verse.LongEventHandler/<>c:<UpdateCurrentAsynchronousEvent>b__28_0 ()
System.Threading.ThreadHelper:ThreadStart_Context (object)
System.Threading.ExecutionContext:RunInternal (System.Threading.ExecutionContext,System.Threading.ContextCallback,object,bool)
System.Threading.ExecutionContext:Run (System.Threading.ExecutionContext,System.Threading.ContextCallback,object,bool)
System.Threading.ExecutionContext:Run (System.Threading.ExecutionContext,System.Threading.ContextCallback,object)
System.Threading.ThreadHelper:ThreadStart ()

[RimChat] FactionPromptManager initialized with 10 faction prompts
UnityEngine.StackTraceUtility:ExtractStackTrace ()
Verse.Log:Message (string)
RimChat.Config.FactionPromptManager:Initialize ()
RimChat.Core.RimChatMod:.ctor (Verse.ModContentPack)
System.Reflection.RuntimeConstructorInfo:InternalInvoke (object,object[],bool)
System.Reflection.RuntimeConstructorInfo:DoInvoke (object,System.Reflection.BindingFlags,System.Reflection.Binder,object[],System.Globalization.CultureInfo)
System.Reflection.RuntimeConstructorInfo:Invoke (System.Reflection.BindingFlags,System.Reflection.Binder,object[],System.Globalization.CultureInfo)
System.RuntimeType:CreateInstanceImpl (System.Reflection.BindingFlags,System.Reflection.Binder,object[],System.Globalization.CultureInfo,object[],System.Threading.StackCrawlMark&)
System.Activator:CreateInstance (System.Type,System.Reflection.BindingFlags,System.Reflection.Binder,object[],System.Globalization.CultureInfo,object[])
System.Activator:CreateInstance (System.Type,object[])
Verse.LoadedModManager:CreateModClasses ()
Verse.LoadedModManager:LoadAllActiveMods (bool)
Verse.PlayDataLoader:DoPlayLoad ()
Verse.PlayDataLoader:LoadAllPlayData (bool)
Verse.Root/<>c:<Start>b__10_1 ()
Verse.LongEventHandler:RunEventFromAnotherThread (System.Action)
Verse.LongEventHandler/<>c:<UpdateCurrentAsynchronousEvent>b__28_0 ()
System.Threading.ThreadHelper:ThreadStart_Context (object)
System.Threading.ExecutionContext:RunInternal (System.Threading.ExecutionContext,System.Threading.ContextCallback,object,bool)
System.Threading.ExecutionContext:Run (System.Threading.ExecutionContext,System.Threading.ContextCallback,object,bool)
System.Threading.ExecutionContext:Run (System.Threading.ExecutionContext,System.Threading.ContextCallback,object)
System.Threading.ThreadHelper:ThreadStart ()

[RimChat] === Initializing CommsConsole Patch ===
UnityEngine.StackTraceUtility:ExtractStackTrace ()
Verse.Log:Message (string)
RimChat.Patches.CommsConsolePatch:Initialize (HarmonyLib.Harmony)
RimChat.Core.RimChatMod:.ctor (Verse.ModContentPack)
System.Reflection.RuntimeConstructorInfo:InternalInvoke (object,object[],bool)
System.Reflection.RuntimeConstructorInfo:DoInvoke (object,System.Reflection.BindingFlags,System.Reflection.Binder,object[],System.Globalization.CultureInfo)
System.Reflection.RuntimeConstructorInfo:Invoke (System.Reflection.BindingFlags,System.Reflection.Binder,object[],System.Globalization.CultureInfo)
System.RuntimeType:CreateInstanceImpl (System.Reflection.BindingFlags,System.Reflection.Binder,object[],System.Globalization.CultureInfo,object[],System.Threading.StackCrawlMark&)
System.Activator:CreateInstance (System.Type,System.Reflection.BindingFlags,System.Reflection.Binder,object[],System.Globalization.CultureInfo,object[])
System.Activator:CreateInstance (System.Type,object[])
Verse.LoadedModManager:CreateModClasses ()
Verse.LoadedModManager:LoadAllActiveMods (bool)
Verse.PlayDataLoader:DoPlayLoad ()
Verse.PlayDataLoader:LoadAllPlayData (bool)
Verse.Root/<>c:<Start>b__10_1 ()
Verse.LongEventHandler:RunEventFromAnotherThread (System.Action)
Verse.LongEventHandler/<>c:<UpdateCurrentAsynchronousEvent>b__28_0 ()
System.Threading.ThreadHelper:ThreadStart_Context (object)
System.Threading.ExecutionContext:RunInternal (System.Threading.ExecutionContext,System.Threading.ContextCallback,object,bool)
System.Threading.ExecutionContext:Run (System.Threading.ExecutionContext,System.Threading.ContextCallback,object,bool)
System.Threading.ExecutionContext:Run (System.Threading.ExecutionContext,System.Threading.ContextCallback,object)
System.Threading.ThreadHelper:ThreadStart ()

[RimChat] Found Building_CommsConsole: RimWorld.Building_CommsConsole
UnityEngine.StackTraceUtility:ExtractStackTrace ()
Verse.Log:Message (string)
RimChat.Patches.CommsConsolePatch:Initialize (HarmonyLib.Harmony)
RimChat.Core.RimChatMod:.ctor (Verse.ModContentPack)
System.Reflection.RuntimeConstructorInfo:InternalInvoke (object,object[],bool)
System.Reflection.RuntimeConstructorInfo:DoInvoke (object,System.Reflection.BindingFlags,System.Reflection.Binder,object[],System.Globalization.CultureInfo)
System.Reflection.RuntimeConstructorInfo:Invoke (System.Reflection.BindingFlags,System.Reflection.Binder,object[],System.Globalization.CultureInfo)
System.RuntimeType:CreateInstanceImpl (System.Reflection.BindingFlags,System.Reflection.Binder,object[],System.Globalization.CultureInfo,object[],System.Threading.StackCrawlMark&)
System.Activator:CreateInstance (System.Type,System.Reflection.BindingFlags,System.Reflection.Binder,object[],System.Globalization.CultureInfo,object[])
System.Activator:CreateInstance (System.Type,object[])
Verse.LoadedModManager:CreateModClasses ()
Verse.LoadedModManager:LoadAllActiveMods (bool)
Verse.PlayDataLoader:DoPlayLoad ()
Verse.PlayDataLoader:LoadAllPlayData (bool)
Verse.Root/<>c:<Start>b__10_1 ()
Verse.LongEventHandler:RunEventFromAnotherThread (System.Action)
Verse.LongEventHandler/<>c:<UpdateCurrentAsynchronousEvent>b__28_0 ()
System.Threading.ThreadHelper:ThreadStart_Context (object)
System.Threading.ExecutionContext:RunInternal (System.Threading.ExecutionContext,System.Threading.ContextCallback,object,bool)
System.Threading.ExecutionContext:Run (System.Threading.ExecutionContext,System.Threading.ContextCallback,object,bool)
System.Threading.ExecutionContext:Run (System.Threading.ExecutionContext,System.Threading.ContextCallback,object)
System.Threading.ThreadHelper:ThreadStart ()

[RimChat] Building_CommsConsole methods:
UnityEngine.StackTraceUtility:ExtractStackTrace ()
Verse.Log:Message (string)
RimChat.Patches.CommsConsolePatch:Initialize (HarmonyLib.Harmony)
RimChat.Core.RimChatMod:.ctor (Verse.ModContentPack)
System.Reflection.RuntimeConstructorInfo:InternalInvoke (object,object[],bool)
System.Reflection.RuntimeConstructorInfo:DoInvoke (object,System.Reflection.BindingFlags,System.Reflection.Binder,object[],System.Globalization.CultureInfo)
System.Reflection.RuntimeConstructorInfo:Invoke (System.Reflection.BindingFlags,System.Reflection.Binder,object[],System.Globalization.CultureInfo)
System.RuntimeType:CreateInstanceImpl (System.Reflection.BindingFlags,System.Reflection.Binder,object[],System.Globalization.CultureInfo,object[],System.Threading.StackCrawlMark&)
System.Activator:CreateInstance (System.Type,System.Reflection.BindingFlags,System.Reflection.Binder,object[],System.Globalization.CultureInfo,object[])
System.Activator:CreateInstance (System.Type,object[])
Verse.LoadedModManager:CreateModClasses ()
Verse.LoadedModManager:LoadAllActiveMods (bool)
Verse.PlayDataLoader:DoPlayLoad ()
Verse.PlayDataLoader:LoadAllPlayData (bool)
Verse.Root/<>c:<Start>b__10_1 ()
Verse.LongEventHandler:RunEventFromAnotherThread (System.Action)
Verse.LongEventHandler/<>c:<UpdateCurrentAsynchronousEvent>b__28_0 ()
System.Threading.ThreadHelper:ThreadStart_Context (object)
System.Threading.ExecutionContext:RunInternal (System.Threading.ExecutionContext,System.Threading.ContextCallback,object,bool)
System.Threading.ExecutionContext:Run (System.Threading.ExecutionContext,System.Threading.ContextCallback,object,bool)
System.Threading.ExecutionContext:Run (System.Threading.ExecutionContext,System.Threading.ContextCallback,object)
System.Threading.ThreadHelper:ThreadStart ()

  - get_CanUseCommsNow()
UnityEngine.StackTraceUtility:ExtractStackTrace ()
Verse.Log:Message (string)
RimChat.Patches.CommsConsolePatch:Initialize (HarmonyLib.Harmony)
RimChat.Core.RimChatMod:.ctor (Verse.ModContentPack)
System.Reflection.RuntimeConstructorInfo:InternalInvoke (object,object[],bool)
System.Reflection.RuntimeConstructorInfo:DoInvoke (object,System.Reflection.BindingFlags,System.Reflection.Binder,object[],System.Globalization.CultureInfo)
System.Reflection.RuntimeConstructorInfo:Invoke (System.Reflection.BindingFlags,System.Reflection.Binder,object[],System.Globalization.CultureInfo)
System.RuntimeType:CreateInstanceImpl (System.Reflection.BindingFlags,System.Reflection.Binder,object[],System.Globalization.CultureInfo,object[],System.Threading.StackCrawlMark&)
System.Activator:CreateInstance (System.Type,System.Reflection.BindingFlags,System.Reflection.Binder,object[],System.Globalization.CultureInfo,object[])
System.Activator:CreateInstance (System.Type,object[])
Verse.LoadedModManager:CreateModClasses ()
Verse.LoadedModManager:LoadAllActiveMods (bool)
Verse.PlayDataLoader:DoPlayLoad ()
Verse.PlayDataLoader:LoadAllPlayData (bool)
Verse.Root/<>c:<Start>b__10_1 ()
Verse.LongEventHandler:RunEventFromAnotherThread (System.Action)
Verse.LongEventHandler/<>c:<UpdateCurrentAsynchronousEvent>b__28_0 ()
System.Threading.ThreadHelper:ThreadStart_Context (object)
System.Threading.ExecutionContext:RunInternal (System.Threading.ExecutionContext,System.Threading.ContextCallback,object,bool)
System.Threading.ExecutionContext:Run (System.Threading.ExecutionContext,System.Threading.ContextCallback,object,bool)
System.Threading.ExecutionContext:Run (System.Threading.ExecutionContext,System.Threading.ContextCallback,object)
System.Threading.ThreadHelper:ThreadStart ()

  - SpawnSetup(Map, Boolean)
UnityEngine.StackTraceUtility:ExtractStackTrace ()
Verse.Log:Message (string)
RimChat.Patches.CommsConsolePatch:Initialize (HarmonyLib.Harmony)
RimChat.Core.RimChatMod:.ctor (Verse.ModContentPack)
System.Reflection.RuntimeConstructorInfo:InternalInvoke (object,object[],bool)
System.Reflection.RuntimeConstructorInfo:DoInvoke (object,System.Reflection.BindingFlags,System.Reflection.Binder,object[],System.Globalization.CultureInfo)
System.Reflection.RuntimeConstructorInfo:Invoke (System.Reflection.BindingFlags,System.Reflection.Binder,object[],System.Globalization.CultureInfo)
System.RuntimeType:CreateInstanceImpl (System.Reflection.BindingFlags,System.Reflection.Binder,object[],System.Globalization.CultureInfo,object[],System.Threading.StackCrawlMark&)
System.Activator:CreateInstance (System.Type,System.Reflection.BindingFlags,System.Reflection.Binder,object[],System.Globalization.CultureInfo,object[])
System.Activator:CreateInstance (System.Type,object[])
Verse.LoadedModManager:CreateModClasses ()
Verse.LoadedModManager:LoadAllActiveMods (bool)
Verse.PlayDataLoader:DoPlayLoad ()
Verse.PlayDataLoader:LoadAllPlayData (bool)
Verse.Root/<>c:<Start>b__10_1 ()
Verse.LongEventHandler:RunEventFromAnotherThread (System.Action)
Verse.LongEventHandler/<>c:<UpdateCurrentAsynchronousEvent>b__28_0 ()
System.Threading.ThreadHelper:ThreadStart_Context (object)
System.Threading.ExecutionContext:RunInternal (System.Threading.ExecutionContext,System.Threading.ContextCallback,object,bool)
System.Threading.ExecutionContext:Run (System.Threading.ExecutionContext,System.Threading.ContextCallback,object,bool)
System.Threading.ExecutionContext:Run (System.Threading.ExecutionContext,System.Threading.ContextCallback,object)
System.Threading.ThreadHelper:ThreadStart ()

  - GetCommTargets(Pawn)
UnityEngine.StackTraceUtility:ExtractStackTrace ()
Verse.Log:Message (string)
RimChat.Patches.CommsConsolePatch:Initialize (HarmonyLib.Harmony)
RimChat.Core.RimChatMod:.ctor (Verse.ModContentPack)
System.Reflection.RuntimeConstructorInfo:InternalInvoke (object,object[],bool)
System.Reflection.RuntimeConstructorInfo:DoInvoke (object,System.Reflection.BindingFlags,System.Reflection.Binder,object[],System.Globalization.CultureInfo)
System.Reflection.RuntimeConstructorInfo:Invoke (System.Reflection.BindingFlags,System.Reflection.Binder,object[],System.Globalization.CultureInfo)
System.RuntimeType:CreateInstanceImpl (System.Reflection.BindingFlags,System.Reflection.Binder,object[],System.Globalization.CultureInfo,object[],System.Threading.StackCrawlMark&)
System.Activator:CreateInstance (System.Type,System.Reflection.BindingFlags,System.Reflection.Binder,object[],System.Globalization.CultureInfo,object[])
System.Activator:CreateInstance (System.Type,object[])
Verse.LoadedModManager:CreateModClasses ()
Verse.LoadedModManager:LoadAllActiveMods (bool)
Verse.PlayDataLoader:DoPlayLoad ()
Verse.PlayDataLoader:LoadAllPlayData (bool)
Verse.Root/<>c:<Start>b__10_1 ()
Verse.LongEventHandler:RunEventFromAnotherThread (System.Action)
Verse.LongEventHandler/<>c:<UpdateCurrentAsynchronousEvent>b__28_0 ()
System.Threading.ThreadHelper:ThreadStart_Context (object)
System.Threading.ExecutionContext:RunInternal (System.Threading.ExecutionContext,System.Threading.ContextCallback,object,bool)
System.Threading.ExecutionContext:Run (System.Threading.ExecutionContext,System.Threading.ContextCallback,object,bool)
System.Threading.ExecutionContext:Run (System.Threading.ExecutionContext,System.Threading.ContextCallback,object)
System.Threading.ThreadHelper:ThreadStart ()

  - GetFloatMenuOptions(Pawn)
UnityEngine.StackTraceUtility:ExtractStackTrace ()
Verse.Log:Message (string)
RimChat.Patches.CommsConsolePatch:Initialize (HarmonyLib.Harmony)
RimChat.Core.RimChatMod:.ctor (Verse.ModContentPack)
System.Reflection.RuntimeConstructorInfo:InternalInvoke (object,object[],bool)
System.Reflection.RuntimeConstructorInfo:DoInvoke (object,System.Reflection.BindingFlags,System.Reflection.Binder,object[],System.Globalization.CultureInfo)
System.Reflection.RuntimeConstructorInfo:Invoke (System.Reflection.BindingFlags,System.Reflection.Binder,object[],System.Globalization.CultureInfo)
System.RuntimeType:CreateInstanceImpl (System.Reflection.BindingFlags,System.Reflection.Binder,object[],System.Globalization.CultureInfo,object[],System.Threading.StackCrawlMark&)
System.Activator:CreateInstance (System.Type,System.Reflection.BindingFlags,System.Reflection.Binder,object[],System.Globalization.CultureInfo,object[])
System.Activator:CreateInstance (System.Type,object[])
Verse.LoadedModManager:CreateModClasses ()
Verse.LoadedModManager:LoadAllActiveMods (bool)
Verse.PlayDataLoader:DoPlayLoad ()
Verse.PlayDataLoader:LoadAllPlayData (bool)
Verse.Root/<>c:<Start>b__10_1 ()
Verse.LongEventHandler:RunEventFromAnotherThread (System.Action)
Verse.LongEventHandler/<>c:<UpdateCurrentAsynchronousEvent>b__28_0 ()
System.Threading.ThreadHelper:ThreadStart_Context (object)
System.Threading.ExecutionContext:RunInternal (System.Threading.ExecutionContext,System.Threading.ContextCallback,object,bool)
System.Threading.ExecutionContext:Run (System.Threading.ExecutionContext,System.Threading.ContextCallback,object,bool)
System.Threading.ExecutionContext:Run (System.Threading.ExecutionContext,System.Threading.ContextCallback,object)
System.Threading.ThreadHelper:ThreadStart ()

  - GiveUseCommsJob(Pawn, ICommunicable)
UnityEngine.StackTraceUtility:ExtractStackTrace ()
Verse.Log:Message (string)
RimChat.Patches.CommsConsolePatch:Initialize (HarmonyLib.Harmony)
RimChat.Core.RimChatMod:.ctor (Verse.ModContentPack)
System.Reflection.RuntimeConstructorInfo:InternalInvoke (object,object[],bool)
System.Reflection.RuntimeConstructorInfo:DoInvoke (object,System.Reflection.BindingFlags,System.Reflection.Binder,object[],System.Globalization.CultureInfo)
System.Reflection.RuntimeConstructorInfo:Invoke (System.Reflection.BindingFlags,System.Reflection.Binder,object[],System.Globalization.CultureInfo)
System.RuntimeType:CreateInstanceImpl (System.Reflection.BindingFlags,System.Reflection.Binder,object[],System.Globalization.CultureInfo,object[],System.Threading.StackCrawlMark&)
System.Activator:CreateInstance (System.Type,System.Reflection.BindingFlags,System.Reflection.Binder,object[],System.Globalization.CultureInfo,object[])
System.Activator:CreateInstance (System.Type,object[])
Verse.LoadedModManager:CreateModClasses ()
Verse.LoadedModManager:LoadAllActiveMods (bool)
Verse.PlayDataLoader:DoPlayLoad ()
Verse.PlayDataLoader:LoadAllPlayData (bool)
Verse.Root/<>c:<Start>b__10_1 ()
Verse.LongEventHandler:RunEventFromAnotherThread (System.Action)
Verse.LongEventHandler/<>c:<UpdateCurrentAsynchronousEvent>b__28_0 ()
System.Threading.ThreadHelper:ThreadStart_Context (object)
System.Threading.ExecutionContext:RunInternal (System.Threading.ExecutionContext,System.Threading.ContextCallback,object,bool)
System.Threading.ExecutionContext:Run (System.Threading.ExecutionContext,System.Threading.ContextCallback,object,bool)
System.Threading.ExecutionContext:Run (System.Threading.ExecutionContext,System.Threading.ContextCallback,object)
System.Threading.ThreadHelper:ThreadStart ()

[RimChat] Found JobDriver_UseCommsConsole: RimWorld.JobDriver_UseCommsConsole
UnityEngine.StackTraceUtility:ExtractStackTrace ()
Verse.Log:Message (string)
RimChat.Patches.CommsConsolePatch:Initialize (HarmonyLib.Harmony)
RimChat.Core.RimChatMod:.ctor (Verse.ModContentPack)
System.Reflection.RuntimeConstructorInfo:InternalInvoke (object,object[],bool)
System.Reflection.RuntimeConstructorInfo:DoInvoke (object,System.Reflection.BindingFlags,System.Reflection.Binder,object[],System.Globalization.CultureInfo)
System.Reflection.RuntimeConstructorInfo:Invoke (System.Reflection.BindingFlags,System.Reflection.Binder,object[],System.Globalization.CultureInfo)
System.RuntimeType:CreateInstanceImpl (System.Reflection.BindingFlags,System.Reflection.Binder,object[],System.Globalization.CultureInfo,object[],System.Threading.StackCrawlMark&)
System.Activator:CreateInstance (System.Type,System.Reflection.BindingFlags,System.Reflection.Binder,object[],System.Globalization.CultureInfo,object[])
System.Activator:CreateInstance (System.Type,object[])
Verse.LoadedModManager:CreateModClasses ()
Verse.LoadedModManager:LoadAllActiveMods (bool)
Verse.PlayDataLoader:DoPlayLoad ()
Verse.PlayDataLoader:LoadAllPlayData (bool)
Verse.Root/<>c:<Start>b__10_1 ()
Verse.LongEventHandler:RunEventFromAnotherThread (System.Action)
Verse.LongEventHandler/<>c:<UpdateCurrentAsynchronousEvent>b__28_0 ()
System.Threading.ThreadHelper:ThreadStart_Context (object)
System.Threading.ExecutionContext:RunInternal (System.Threading.ExecutionContext,System.Threading.ContextCallback,object,bool)
System.Threading.ExecutionContext:Run (System.Threading.ExecutionContext,System.Threading.ContextCallback,object,bool)
System.Threading.ExecutionContext:Run (System.Threading.ExecutionContext,System.Threading.ContextCallback,object)
System.Threading.ThreadHelper:ThreadStart ()

[RimChat] JobDriver_UseCommsConsole methods:
UnityEngine.StackTraceUtility:ExtractStackTrace ()
Verse.Log:Message (string)
RimChat.Patches.CommsConsolePatch:Initialize (HarmonyLib.Harmony)
RimChat.Core.RimChatMod:.ctor (Verse.ModContentPack)
System.Reflection.RuntimeConstructorInfo:InternalInvoke (object,object[],bool)
System.Reflection.RuntimeConstructorInfo:DoInvoke (object,System.Reflection.BindingFlags,System.Reflection.Binder,object[],System.Globalization.CultureInfo)
System.Reflection.RuntimeConstructorInfo:Invoke (System.Reflection.BindingFlags,System.Reflection.Binder,object[],System.Globalization.CultureInfo)
System.RuntimeType:CreateInstanceImpl (System.Reflection.BindingFlags,System.Reflection.Binder,object[],System.Globalization.CultureInfo,object[],System.Threading.StackCrawlMark&)
System.Activator:CreateInstance (System.Type,System.Reflection.BindingFlags,System.Reflection.Binder,object[],System.Globalization.CultureInfo,object[])
System.Activator:CreateInstance (System.Type,object[])
Verse.LoadedModManager:CreateModClasses ()
Verse.LoadedModManager:LoadAllActiveMods (bool)
Verse.PlayDataLoader:DoPlayLoad ()
Verse.PlayDataLoader:LoadAllPlayData (bool)
Verse.Root/<>c:<Start>b__10_1 ()
Verse.LongEventHandler:RunEventFromAnotherThread (System.Action)
Verse.LongEventHandler/<>c:<UpdateCurrentAsynchronousEvent>b__28_0 ()
System.Threading.ThreadHelper:ThreadStart_Context (object)
System.Threading.ExecutionContext:RunInternal (System.Threading.ExecutionContext,System.Threading.ContextCallback,object,bool)
System.Threading.ExecutionContext:Run (System.Threading.ExecutionContext,System.Threading.ContextCallback,object,bool)
System.Threading.ExecutionContext:Run (System.Threading.ExecutionContext,System.Threading.ContextCallback,object)
System.Threading.ThreadHelper:ThreadStart ()

  - TryMakePreToilReservations(Boolean)
UnityEngine.StackTraceUtility:ExtractStackTrace ()
Verse.Log:Message (string)
RimChat.Patches.CommsConsolePatch:Initialize (HarmonyLib.Harmony)
RimChat.Core.RimChatMod:.ctor (Verse.ModContentPack)
System.Reflection.RuntimeConstructorInfo:InternalInvoke (object,object[],bool)
System.Reflection.RuntimeConstructorInfo:DoInvoke (object,System.Reflection.BindingFlags,System.Reflection.Binder,object[],System.Globalization.CultureInfo)
System.Reflection.RuntimeConstructorInfo:Invoke (System.Reflection.BindingFlags,System.Reflection.Binder,object[],System.Globalization.CultureInfo)
System.RuntimeType:CreateInstanceImpl (System.Reflection.BindingFlags,System.Reflection.Binder,object[],System.Globalization.CultureInfo,object[],System.Threading.StackCrawlMark&)
System.Activator:CreateInstance (System.Type,System.Reflection.BindingFlags,System.Reflection.Binder,object[],System.Globalization.CultureInfo,object[])
System.Activator:CreateInstance (System.Type,object[])
Verse.LoadedModManager:CreateModClasses ()
Verse.LoadedModManager:LoadAllActiveMods (bool)
Verse.PlayDataLoader:DoPlayLoad ()
Verse.PlayDataLoader:LoadAllPlayData (bool)
Verse.Root/<>c:<Start>b__10_1 ()
Verse.LongEventHandler:RunEventFromAnotherThread (System.Action)
Verse.LongEventHandler/<>c:<UpdateCurrentAsynchronousEvent>b__28_0 ()
System.Threading.ThreadHelper:ThreadStart_Context (object)
System.Threading.ExecutionContext:RunInternal (System.Threading.ExecutionContext,System.Threading.ContextCallback,object,bool)
System.Threading.ExecutionContext:Run (System.Threading.ExecutionContext,System.Threading.ContextCallback,object,bool)
System.Threading.ExecutionContext:Run (System.Threading.ExecutionContext,System.Threading.ContextCallback,object)
System.Threading.ThreadHelper:ThreadStart ()

[RimChat] Patching Building_CommsConsole.GetFloatMenuOptions method
UnityEngine.StackTraceUtility:ExtractStackTrace ()
Verse.Log:Message (string)
RimChat.Patches.CommsConsolePatch:PatchCommsConsoleMethods (HarmonyLib.Harmony,System.Type)
RimChat.Patches.CommsConsolePatch:Initialize (HarmonyLib.Harmony)
RimChat.Core.RimChatMod:.ctor (Verse.ModContentPack)
System.Reflection.RuntimeConstructorInfo:InternalInvoke (object,object[],bool)
System.Reflection.RuntimeConstructorInfo:DoInvoke (object,System.Reflection.BindingFlags,System.Reflection.Binder,object[],System.Globalization.CultureInfo)
System.Reflection.RuntimeConstructorInfo:Invoke (System.Reflection.BindingFlags,System.Reflection.Binder,object[],System.Globalization.CultureInfo)
System.RuntimeType:CreateInstanceImpl (System.Reflection.BindingFlags,System.Reflection.Binder,object[],System.Globalization.CultureInfo,object[],System.Threading.StackCrawlMark&)
System.Activator:CreateInstance (System.Type,System.Reflection.BindingFlags,System.Reflection.Binder,object[],System.Globalization.CultureInfo,object[])
System.Activator:CreateInstance (System.Type,object[])
Verse.LoadedModManager:CreateModClasses ()
Verse.LoadedModManager:LoadAllActiveMods (bool)
Verse.PlayDataLoader:DoPlayLoad ()
Verse.PlayDataLoader:LoadAllPlayData (bool)
Verse.Root/<>c:<Start>b__10_1 ()
Verse.LongEventHandler:RunEventFromAnotherThread (System.Action)
Verse.LongEventHandler/<>c:<UpdateCurrentAsynchronousEvent>b__28_0 ()
System.Threading.ThreadHelper:ThreadStart_Context (object)
System.Threading.ExecutionContext:RunInternal (System.Threading.ExecutionContext,System.Threading.ContextCallback,object,bool)
System.Threading.ExecutionContext:Run (System.Threading.ExecutionContext,System.Threading.ContextCallback,object,bool)
System.Threading.ExecutionContext:Run (System.Threading.ExecutionContext,System.Threading.ContextCallback,object)
System.Threading.ThreadHelper:ThreadStart ()

[RimChat] [DEBUG] RimTalk compat variable registered: rimchat_last_session_summary
UnityEngine.StackTraceUtility:ExtractStackTrace ()
Verse.Log:Message (string)
RimChat.Util.DebugLogger:Debug (string)
RimChat.Compat.RimTalkCompatBridge:RegisterContextVariableMirror (string,string)
RimChat.Compat.RimTalkCompatBridge:EnsureRimChatContextVariablesRegistered ()
RimChat.Compat.RimTalkCompatBridge:EnsureBound ()
RimChat.Compat.RimTalkCompatBridge:TryWarmup ()
RimChat.Core.RimChatMod:.ctor (Verse.ModContentPack)
System.Reflection.RuntimeConstructorInfo:InternalInvoke (object,object[],bool)
System.Reflection.RuntimeConstructorInfo:DoInvoke (object,System.Reflection.BindingFlags,System.Reflection.Binder,object[],System.Globalization.CultureInfo)
System.Reflection.RuntimeConstructorInfo:Invoke (System.Reflection.BindingFlags,System.Reflection.Binder,object[],System.Globalization.CultureInfo)
System.RuntimeType:CreateInstanceImpl (System.Reflection.BindingFlags,System.Reflection.Binder,object[],System.Globalization.CultureInfo,object[],System.Threading.StackCrawlMark&)
System.Activator:CreateInstance (System.Type,System.Reflection.BindingFlags,System.Reflection.Binder,object[],System.Globalization.CultureInfo,object[])
System.Activator:CreateInstance (System.Type,object[])
Verse.LoadedModManager:CreateModClasses ()
Verse.LoadedModManager:LoadAllActiveMods (bool)
Verse.PlayDataLoader:DoPlayLoad ()
Verse.PlayDataLoader:LoadAllPlayData (bool)
Verse.Root/<>c:<Start>b__10_1 ()
Verse.LongEventHandler:RunEventFromAnotherThread (System.Action)
Verse.LongEventHandler/<>c:<UpdateCurrentAsynchronousEvent>b__28_0 ()
System.Threading.ThreadHelper:ThreadStart_Context (object)
System.Threading.ExecutionContext:RunInternal (System.Threading.ExecutionContext,System.Threading.ContextCallback,object,bool)
System.Threading.ExecutionContext:Run (System.Threading.ExecutionContext,System.Threading.ContextCallback,object,bool)
System.Threading.ExecutionContext:Run (System.Threading.ExecutionContext,System.Threading.ContextCallback,object)
System.Threading.ThreadHelper:ThreadStart ()

[RimChat] [DEBUG] RimTalk compat variable registered: rimchat_last_diplomacy_summary
UnityEngine.StackTraceUtility:ExtractStackTrace ()
Verse.Log:Message (string)
RimChat.Util.DebugLogger:Debug (string)
RimChat.Compat.RimTalkCompatBridge:RegisterContextVariableMirror (string,string)
RimChat.Compat.RimTalkCompatBridge:EnsureRimChatContextVariablesRegistered ()
RimChat.Compat.RimTalkCompatBridge:EnsureBound ()
RimChat.Compat.RimTalkCompatBridge:TryWarmup ()
RimChat.Core.RimChatMod:.ctor (Verse.ModContentPack)
System.Reflection.RuntimeConstructorInfo:InternalInvoke (object,object[],bool)
System.Reflection.RuntimeConstructorInfo:DoInvoke (object,System.Reflection.BindingFlags,System.Reflection.Binder,object[],System.Globalization.CultureInfo)
System.Reflection.RuntimeConstructorInfo:Invoke (System.Reflection.BindingFlags,System.Reflection.Binder,object[],System.Globalization.CultureInfo)
System.RuntimeType:CreateInstanceImpl (System.Reflection.BindingFlags,System.Reflection.Binder,object[],System.Globalization.CultureInfo,object[],System.Threading.StackCrawlMark&)
System.Activator:CreateInstance (System.Type,System.Reflection.BindingFlags,System.Reflection.Binder,object[],System.Globalization.CultureInfo,object[])
System.Activator:CreateInstance (System.Type,object[])
Verse.LoadedModManager:CreateModClasses ()
Verse.LoadedModManager:LoadAllActiveMods (bool)
Verse.PlayDataLoader:DoPlayLoad ()
Verse.PlayDataLoader:LoadAllPlayData (bool)
Verse.Root/<>c:<Start>b__10_1 ()
Verse.LongEventHandler:RunEventFromAnotherThread (System.Action)
Verse.LongEventHandler/<>c:<UpdateCurrentAsynchronousEvent>b__28_0 ()
System.Threading.ThreadHelper:ThreadStart_Context (object)
System.Threading.ExecutionContext:RunInternal (System.Threading.ExecutionContext,System.Threading.ContextCallback,object,bool)
System.Threading.ExecutionContext:Run (System.Threading.ExecutionContext,System.Threading.ContextCallback,object,bool)
System.Threading.ExecutionContext:Run (System.Threading.ExecutionContext,System.Threading.ContextCallback,object)
System.Threading.ThreadHelper:ThreadStart ()

[RimChat] [DEBUG] RimTalk compat variable registered: rimchat_last_rpg_summary
UnityEngine.StackTraceUtility:ExtractStackTrace ()
Verse.Log:Message (string)
RimChat.Util.DebugLogger:Debug (string)
RimChat.Compat.RimTalkCompatBridge:RegisterContextVariableMirror (string,string)
RimChat.Compat.RimTalkCompatBridge:EnsureRimChatContextVariablesRegistered ()
RimChat.Compat.RimTalkCompatBridge:EnsureBound ()
RimChat.Compat.RimTalkCompatBridge:TryWarmup ()
RimChat.Core.RimChatMod:.ctor (Verse.ModContentPack)
System.Reflection.RuntimeConstructorInfo:InternalInvoke (object,object[],bool)
System.Reflection.RuntimeConstructorInfo:DoInvoke (object,System.Reflection.BindingFlags,System.Reflection.Binder,object[],System.Globalization.CultureInfo)
System.Reflection.RuntimeConstructorInfo:Invoke (System.Reflection.BindingFlags,System.Reflection.Binder,object[],System.Globalization.CultureInfo)
System.RuntimeType:CreateInstanceImpl (System.Reflection.BindingFlags,System.Reflection.Binder,object[],System.Globalization.CultureInfo,object[],System.Threading.StackCrawlMark&)
System.Activator:CreateInstance (System.Type,System.Reflection.BindingFlags,System.Reflection.Binder,object[],System.Globalization.CultureInfo,object[])
System.Activator:CreateInstance (System.Type,object[])
Verse.LoadedModManager:CreateModClasses ()
Verse.LoadedModManager:LoadAllActiveMods (bool)
Verse.PlayDataLoader:DoPlayLoad ()
Verse.PlayDataLoader:LoadAllPlayData (bool)
Verse.Root/<>c:<Start>b__10_1 ()
Verse.LongEventHandler:RunEventFromAnotherThread (System.Action)
Verse.LongEventHandler/<>c:<UpdateCurrentAsynchronousEvent>b__28_0 ()
System.Threading.ThreadHelper:ThreadStart_Context (object)
System.Threading.ExecutionContext:RunInternal (System.Threading.ExecutionContext,System.Threading.ContextCallback,object,bool)
System.Threading.ExecutionContext:Run (System.Threading.ExecutionContext,System.Threading.ContextCallback,object,bool)
System.Threading.ExecutionContext:Run (System.Threading.ExecutionContext,System.Threading.ContextCallback,object)
System.Threading.ThreadHelper:ThreadStart ()

[RimChat] [DEBUG] RimTalk compat variable registered: rimchat_recent_session_summaries
UnityEngine.StackTraceUtility:ExtractStackTrace ()
Verse.Log:Message (string)
RimChat.Util.DebugLogger:Debug (string)
RimChat.Compat.RimTalkCompatBridge:RegisterContextVariableMirror (string,string)
RimChat.Compat.RimTalkCompatBridge:EnsureRimChatContextVariablesRegistered ()
RimChat.Compat.RimTalkCompatBridge:EnsureBound ()
RimChat.Compat.RimTalkCompatBridge:TryWarmup ()
RimChat.Core.RimChatMod:.ctor (Verse.ModContentPack)
System.Reflection.RuntimeConstructorInfo:InternalInvoke (object,object[],bool)
System.Reflection.RuntimeConstructorInfo:DoInvoke (object,System.Reflection.BindingFlags,System.Reflection.Binder,object[],System.Globalization.CultureInfo)
System.Reflection.RuntimeConstructorInfo:Invoke (System.Reflection.BindingFlags,System.Reflection.Binder,object[],System.Globalization.CultureInfo)
System.RuntimeType:CreateInstanceImpl (System.Reflection.BindingFlags,System.Reflection.Binder,object[],System.Globalization.CultureInfo,object[],System.Threading.StackCrawlMark&)
System.Activator:CreateInstance (System.Type,System.Reflection.BindingFlags,System.Reflection.Binder,object[],System.Globalization.CultureInfo,object[])
System.Activator:CreateInstance (System.Type,object[])
Verse.LoadedModManager:CreateModClasses ()
Verse.LoadedModManager:LoadAllActiveMods (bool)
Verse.PlayDataLoader:DoPlayLoad ()
Verse.PlayDataLoader:LoadAllPlayData (bool)
Verse.Root/<>c:<Start>b__10_1 ()
Verse.LongEventHandler:RunEventFromAnotherThread (System.Action)
Verse.LongEventHandler/<>c:<UpdateCurrentAsynchronousEvent>b__28_0 ()
System.Threading.ThreadHelper:ThreadStart_Context (object)
System.Threading.ExecutionContext:RunInternal (System.Threading.ExecutionContext,System.Threading.ContextCallback,object,bool)
System.Threading.ExecutionContext:Run (System.Threading.ExecutionContext,System.Threading.ContextCallback,object,bool)
System.Threading.ExecutionContext:Run (System.Threading.ExecutionContext,System.Threading.ContextCallback,object)
System.Threading.ThreadHelper:ThreadStart ()

[RimChat] [DEBUG] RimTalk summary globals initialized.
UnityEngine.StackTraceUtility:ExtractStackTrace ()
Verse.Log:Message (string)
RimChat.Util.DebugLogger:Debug (string)
RimChat.Compat.RimTalkCompatBridge:EnsureSummaryGlobalsInitialized ()
RimChat.Compat.RimTalkCompatBridge:EnsureBound ()
RimChat.Compat.RimTalkCompatBridge:TryWarmup ()
RimChat.Core.RimChatMod:.ctor (Verse.ModContentPack)
System.Reflection.RuntimeConstructorInfo:InternalInvoke (object,object[],bool)
System.Reflection.RuntimeConstructorInfo:DoInvoke (object,System.Reflection.BindingFlags,System.Reflection.Binder,object[],System.Globalization.CultureInfo)
System.Reflection.RuntimeConstructorInfo:Invoke (System.Reflection.BindingFlags,System.Reflection.Binder,object[],System.Globalization.CultureInfo)
System.RuntimeType:CreateInstanceImpl (System.Reflection.BindingFlags,System.Reflection.Binder,object[],System.Globalization.CultureInfo,object[],System.Threading.StackCrawlMark&)
System.Activator:CreateInstance (System.Type,System.Reflection.BindingFlags,System.Reflection.Binder,object[],System.Globalization.CultureInfo,object[])
System.Activator:CreateInstance (System.Type,object[])
Verse.LoadedModManager:CreateModClasses ()
Verse.LoadedModManager:LoadAllActiveMods (bool)
Verse.PlayDataLoader:DoPlayLoad ()
Verse.PlayDataLoader:LoadAllPlayData (bool)
Verse.Root/<>c:<Start>b__10_1 ()
Verse.LongEventHandler:RunEventFromAnotherThread (System.Action)
Verse.LongEventHandler/<>c:<UpdateCurrentAsynchronousEvent>b__28_0 ()
System.Threading.ThreadHelper:ThreadStart_Context (object)
System.Threading.ExecutionContext:RunInternal (System.Threading.ExecutionContext,System.Threading.ContextCallback,object,bool)
System.Threading.ExecutionContext:Run (System.Threading.ExecutionContext,System.Threading.ContextCallback,object,bool)
System.Threading.ExecutionContext:Run (System.Threading.ExecutionContext,System.Threading.ContextCallback,object)
System.Threading.ThreadHelper:ThreadStart ()

[RimChat] [DEBUG] RimTalk compat preset ensure skipped: no active preset.
UnityEngine.StackTraceUtility:ExtractStackTrace ()
Verse.Log:Message (string)
RimChat.Util.DebugLogger:Debug (string)
RimChat.Compat.RimTalkCompatBridge:EnsureCompatPresetEntryRegistered ()
RimChat.Compat.RimTalkCompatBridge:EnsureBound ()
RimChat.Compat.RimTalkCompatBridge:TryWarmup ()
RimChat.Core.RimChatMod:.ctor (Verse.ModContentPack)
System.Reflection.RuntimeConstructorInfo:InternalInvoke (object,object[],bool)
System.Reflection.RuntimeConstructorInfo:DoInvoke (object,System.Reflection.BindingFlags,System.Reflection.Binder,object[],System.Globalization.CultureInfo)
System.Reflection.RuntimeConstructorInfo:Invoke (System.Reflection.BindingFlags,System.Reflection.Binder,object[],System.Globalization.CultureInfo)
System.RuntimeType:CreateInstanceImpl (System.Reflection.BindingFlags,System.Reflection.Binder,object[],System.Globalization.CultureInfo,object[],System.Threading.StackCrawlMark&)
System.Activator:CreateInstance (System.Type,System.Reflection.BindingFlags,System.Reflection.Binder,object[],System.Globalization.CultureInfo,object[])
System.Activator:CreateInstance (System.Type,object[])
Verse.LoadedModManager:CreateModClasses ()
Verse.LoadedModManager:LoadAllActiveMods (bool)
Verse.PlayDataLoader:DoPlayLoad ()
Verse.PlayDataLoader:LoadAllPlayData (bool)
Verse.Root/<>c:<Start>b__10_1 ()
Verse.LongEventHandler:RunEventFromAnotherThread (System.Action)
Verse.LongEventHandler/<>c:<UpdateCurrentAsynchronousEvent>b__28_0 ()
System.Threading.ThreadHelper:ThreadStart_Context (object)
System.Threading.ExecutionContext:RunInternal (System.Threading.ExecutionContext,System.Threading.ContextCallback,object,bool)
System.Threading.ExecutionContext:Run (System.Threading.ExecutionContext,System.Threading.ContextCallback,object,bool)
System.Threading.ExecutionContext:Run (System.Threading.ExecutionContext,System.Threading.ContextCallback,object)
System.Threading.ThreadHelper:ThreadStart ()

[RimChat] [DEBUG] RimTalk compat bridge bound successfully.
UnityEngine.StackTraceUtility:ExtractStackTrace ()
Verse.Log:Message (string)
RimChat.Util.DebugLogger:Debug (string)
RimChat.Compat.RimTalkCompatBridge:EnsureBound ()
RimChat.Compat.RimTalkCompatBridge:TryWarmup ()
RimChat.Core.RimChatMod:.ctor (Verse.ModContentPack)
System.Reflection.RuntimeConstructorInfo:InternalInvoke (object,object[],bool)
System.Reflection.RuntimeConstructorInfo:DoInvoke (object,System.Reflection.BindingFlags,System.Reflection.Binder,object[],System.Globalization.CultureInfo)
System.Reflection.RuntimeConstructorInfo:Invoke (System.Reflection.BindingFlags,System.Reflection.Binder,object[],System.Globalization.CultureInfo)
System.RuntimeType:CreateInstanceImpl (System.Reflection.BindingFlags,System.Reflection.Binder,object[],System.Globalization.CultureInfo,object[],System.Threading.StackCrawlMark&)
System.Activator:CreateInstance (System.Type,System.Reflection.BindingFlags,System.Reflection.Binder,object[],System.Globalization.CultureInfo,object[])
System.Activator:CreateInstance (System.Type,object[])
Verse.LoadedModManager:CreateModClasses ()
Verse.LoadedModManager:LoadAllActiveMods (bool)
Verse.PlayDataLoader:DoPlayLoad ()
Verse.PlayDataLoader:LoadAllPlayData (bool)
Verse.Root/<>c:<Start>b__10_1 ()
Verse.LongEventHandler:RunEventFromAnotherThread (System.Action)
Verse.LongEventHandler/<>c:<UpdateCurrentAsynchronousEvent>b__28_0 ()
System.Threading.ThreadHelper:ThreadStart_Context (object)
System.Threading.ExecutionContext:RunInternal (System.Threading.ExecutionContext,System.Threading.ContextCallback,object,bool)
System.Threading.ExecutionContext:Run (System.Threading.ExecutionContext,System.Threading.ContextCallback,object,bool)
System.Threading.ExecutionContext:Run (System.Threading.ExecutionContext,System.Threading.ContextCallback,object)
System.Threading.ThreadHelper:ThreadStart ()

[RimChat] Active DLCs: Royalty, Ideology, Biotech
UnityEngine.StackTraceUtility:ExtractStackTrace ()
Verse.Log:Message (string)
RimChat.Util.DLCCompatibility:LogDLCStatus ()
RimChat.Core.RimChatMod:.ctor (Verse.ModContentPack)
System.Reflection.RuntimeConstructorInfo:InternalInvoke (object,object[],bool)
System.Reflection.RuntimeConstructorInfo:DoInvoke (object,System.Reflection.BindingFlags,System.Reflection.Binder,object[],System.Globalization.CultureInfo)
System.Reflection.RuntimeConstructorInfo:Invoke (System.Reflection.BindingFlags,System.Reflection.Binder,object[],System.Globalization.CultureInfo)
System.RuntimeType:CreateInstanceImpl (System.Reflection.BindingFlags,System.Reflection.Binder,object[],System.Globalization.CultureInfo,object[],System.Threading.StackCrawlMark&)
System.Activator:CreateInstance (System.Type,System.Reflection.BindingFlags,System.Reflection.Binder,object[],System.Globalization.CultureInfo,object[])
System.Activator:CreateInstance (System.Type,object[])
Verse.LoadedModManager:CreateModClasses ()
Verse.LoadedModManager:LoadAllActiveMods (bool)
Verse.PlayDataLoader:DoPlayLoad ()
Verse.PlayDataLoader:LoadAllPlayData (bool)
Verse.Root/<>c:<Start>b__10_1 ()
Verse.LongEventHandler:RunEventFromAnotherThread (System.Action)
Verse.LongEventHandler/<>c:<UpdateCurrentAsynchronousEvent>b__28_0 ()
System.Threading.ThreadHelper:ThreadStart_Context (object)
System.Threading.ExecutionContext:RunInternal (System.Threading.ExecutionContext,System.Threading.ContextCallback,object,bool)
System.Threading.ExecutionContext:Run (System.Threading.ExecutionContext,System.Threading.ContextCallback,object,bool)
System.Threading.ExecutionContext:Run (System.Threading.ExecutionContext,System.Threading.ContextCallback,object)
System.Threading.ThreadHelper:ThreadStart ()

[RimChat] Mod initialized successfully.
UnityEngine.StackTraceUtility:ExtractStackTrace ()
Verse.Log:Message (string)
RimChat.Core.RimChatMod:.ctor (Verse.ModContentPack)
System.Reflection.RuntimeConstructorInfo:InternalInvoke (object,object[],bool)
System.Reflection.RuntimeConstructorInfo:DoInvoke (object,System.Reflection.BindingFlags,System.Reflection.Binder,object[],System.Globalization.CultureInfo)
System.Reflection.RuntimeConstructorInfo:Invoke (System.Reflection.BindingFlags,System.Reflection.Binder,object[],System.Globalization.CultureInfo)
System.RuntimeType:CreateInstanceImpl (System.Reflection.BindingFlags,System.Reflection.Binder,object[],System.Globalization.CultureInfo,object[],System.Threading.StackCrawlMark&)
System.Activator:CreateInstance (System.Type,System.Reflection.BindingFlags,System.Reflection.Binder,object[],System.Globalization.CultureInfo,object[])
System.Activator:CreateInstance (System.Type,object[])
Verse.LoadedModManager:CreateModClasses ()
Verse.LoadedModManager:LoadAllActiveMods (bool)
Verse.PlayDataLoader:DoPlayLoad ()
Verse.PlayDataLoader:LoadAllPlayData (bool)
Verse.Root/<>c:<Start>b__10_1 ()
Verse.LongEventHandler:RunEventFromAnotherThread (System.Action)
Verse.LongEventHandler/<>c:<UpdateCurrentAsynchronousEvent>b__28_0 ()
System.Threading.ThreadHelper:ThreadStart_Context (object)
System.Threading.ExecutionContext:RunInternal (System.Threading.ExecutionContext,System.Threading.ContextCallback,object,bool)
System.Threading.ExecutionContext:Run (System.Threading.ExecutionContext,System.Threading.ContextCallback,object,bool)
System.Threading.ExecutionContext:Run (System.Threading.ExecutionContext,System.Threading.ContextCallback,object)
System.Threading.ThreadHelper:ThreadStart ()

[Interaction Bubbles v4.2] Initialized
UnityEngine.StackTraceUtility:ExtractStackTrace ()
Verse.Log:Message (string)
Bubbles.Mod:Log (string)
Bubbles.Mod:.ctor (Verse.ModContentPack)
System.Reflection.RuntimeConstructorInfo:InternalInvoke (object,object[],bool)
System.Reflection.RuntimeConstructorInfo:DoInvoke (object,System.Reflection.BindingFlags,System.Reflection.Binder,object[],System.Globalization.CultureInfo)
System.Reflection.RuntimeConstructorInfo:Invoke (System.Reflection.BindingFlags,System.Reflection.Binder,object[],System.Globalization.CultureInfo)
System.RuntimeType:CreateInstanceImpl (System.Reflection.BindingFlags,System.Reflection.Binder,object[],System.Globalization.CultureInfo,object[],System.Threading.StackCrawlMark&)
System.Activator:CreateInstance (System.Type,System.Reflection.BindingFlags,System.Reflection.Binder,object[],System.Globalization.CultureInfo,object[])
System.Activator:CreateInstance (System.Type,object[])
Verse.LoadedModManager:CreateModClasses ()
Verse.LoadedModManager:LoadAllActiveMods (bool)
Verse.PlayDataLoader:DoPlayLoad ()
Verse.PlayDataLoader:LoadAllPlayData (bool)
Verse.Root/<>c:<Start>b__10_1 ()
Verse.LongEventHandler:RunEventFromAnotherThread (System.Action)
Verse.LongEventHandler/<>c:<UpdateCurrentAsynchronousEvent>b__28_0 ()
System.Threading.ThreadHelper:ThreadStart_Context (object)
System.Threading.ExecutionContext:RunInternal (System.Threading.ExecutionContext,System.Threading.ContextCallback,object,bool)
System.Threading.ExecutionContext:Run (System.Threading.ExecutionContext,System.Threading.ContextCallback,object,bool)
System.Threading.ExecutionContext:Run (System.Threading.ExecutionContext,System.Threading.ContextCallback,object)
System.Threading.ThreadHelper:ThreadStart ()

<color=#34eb92>[Simple Personalities]</color> Hello, world!
UnityEngine.StackTraceUtility:ExtractStackTrace ()
Verse.Log:Message (string)
SPM1.Core:Log (string)
SPM1.Core:.ctor (Verse.ModContentPack)
System.Reflection.RuntimeConstructorInfo:InternalInvoke (object,object[],bool)
System.Reflection.RuntimeConstructorInfo:DoInvoke (object,System.Reflection.BindingFlags,System.Reflection.Binder,object[],System.Globalization.CultureInfo)
System.Reflection.RuntimeConstructorInfo:Invoke (System.Reflection.BindingFlags,System.Reflection.Binder,object[],System.Globalization.CultureInfo)
System.RuntimeType:CreateInstanceImpl (System.Reflection.BindingFlags,System.Reflection.Binder,object[],System.Globalization.CultureInfo,object[],System.Threading.StackCrawlMark&)
System.Activator:CreateInstance (System.Type,System.Reflection.BindingFlags,System.Reflection.Binder,object[],System.Globalization.CultureInfo,object[])
System.Activator:CreateInstance (System.Type,object[])
Verse.LoadedModManager:CreateModClasses ()
Verse.LoadedModManager:LoadAllActiveMods (bool)
Verse.PlayDataLoader:DoPlayLoad ()
Verse.PlayDataLoader:LoadAllPlayData (bool)
Verse.Root/<>c:<Start>b__10_1 ()
Verse.LongEventHandler:RunEventFromAnotherThread (System.Action)
Verse.LongEventHandler/<>c:<UpdateCurrentAsynchronousEvent>b__28_0 ()
System.Threading.ThreadHelper:ThreadStart_Context (object)
System.Threading.ExecutionContext:RunInternal (System.Threading.ExecutionContext,System.Threading.ContextCallback,object,bool)
System.Threading.ExecutionContext:Run (System.Threading.ExecutionContext,System.Threading.ContextCallback,object,bool)
System.Threading.ExecutionContext:Run (System.Threading.ExecutionContext,System.Threading.ContextCallback,object)
System.Threading.ThreadHelper:ThreadStart ()

Translation data for language Simplified Chinese has 4 errors. Generate translation report for more info.
UnityEngine.StackTraceUtility:ExtractStackTrace ()
Verse.Log:Warning (string)
Verse.LoadedLanguage:InjectIntoData_AfterImpliedDefs ()
Verse.PlayDataLoader/<>c:<DoPlayLoad>b__4_3 ()
Verse.LongEventHandler:ExecuteToExecuteWhenFinished ()
Verse.LongEventHandler:UpdateCurrentAsynchronousEvent ()
Verse.LongEventHandler:LongEventsUpdate (bool&)
Verse.Root:Update ()
Verse.Root_Entry:Update ()

[RimTalk] Character Editor compatibility enabled


UnityEngine.StackTraceUtility:ExtractStackTrace ()
Verse.Log:Message (string)
RimTalk.Util.Logger:Message (object) (at /Users/chris/RiderProjects/RimTalk/Source/Util/Logger.cs:10)
RimTalk.Compatibility.CharacterEditorCompatibilityPatch:TryPatch (HarmonyLib.Harmony) (at /Users/chris/RiderProjects/RimTalk/Source/Compatibility/CharacterEditorCompatibilityPatch.cs:47)
RimTalk.Compatibility.CharacterEditorCompatibilityPatch:.cctor () (at /Users/chris/RiderProjects/RimTalk/Source/Compatibility/CharacterEditorCompatibilityPatch.cs:20)
System.Runtime.CompilerServices.RuntimeHelpers:RunClassConstructor (System.RuntimeTypeHandle)
Verse.StaticConstructorOnStartupUtility:CallAll ()
Verse.PlayDataLoader/<>c:<DoPlayLoad>b__4_4 ()
Verse.LongEventHandler:ExecuteToExecuteWhenFinished ()
Verse.LongEventHandler:UpdateCurrentAsynchronousEvent ()
Verse.LongEventHandler:LongEventsUpdate (bool&)
Verse.Root:Update ()
Verse.Root_Entry:Update ()

[RimTalk Enhance] ✓ Updated existing PromptEntry: Colony Status (RimTalk Enhance)
UnityEngine.StackTraceUtility:ExtractStackTrace ()
Verse.Log:Message (string)
RimTalkHealthEnhance.API.Entries.PromptEntryRegistrar:RegisterColonyStatusEntry (string)
RimTalkHealthEnhance.API.Entries.PromptEntryRegistrar:Register (string)
RimTalkHealthEnhance.RimTalkEnhanceAPI:Initialize ()
RimTalkHealthEnhance.RimTalkHealthEnhanceStartup:.cctor ()
System.Runtime.CompilerServices.RuntimeHelpers:RunClassConstructor (System.RuntimeTypeHandle)
Verse.StaticConstructorOnStartupUtility:CallAll ()
Verse.PlayDataLoader/<>c:<DoPlayLoad>b__4_4 ()
Verse.LongEventHandler:ExecuteToExecuteWhenFinished ()
Verse.LongEventHandler:UpdateCurrentAsynchronousEvent ()
Verse.LongEventHandler:LongEventsUpdate (bool&)
Verse.Root:Update ()
Verse.Root_Entry:Update ()

[RimTalk Enhance] API hooks registered successfully
UnityEngine.StackTraceUtility:ExtractStackTrace ()
Verse.Log:Message (string)
RimTalkHealthEnhance.RimTalkEnhanceAPI:Initialize ()
RimTalkHealthEnhance.RimTalkHealthEnhanceStartup:.cctor ()
System.Runtime.CompilerServices.RuntimeHelpers:RunClassConstructor (System.RuntimeTypeHandle)
Verse.StaticConstructorOnStartupUtility:CallAll ()
Verse.PlayDataLoader/<>c:<DoPlayLoad>b__4_4 ()
Verse.LongEventHandler:ExecuteToExecuteWhenFinished ()
Verse.LongEventHandler:UpdateCurrentAsynchronousEvent ()
Verse.LongEventHandler:LongEventsUpdate (bool&)
Verse.Root:Update ()
Verse.Root_Entry:Update ()

[RimTalk Enhanced Prompt] ✓ RimTalk API hooks registered successfully
UnityEngine.StackTraceUtility:ExtractStackTrace ()
Verse.Log:Message (string)
RimTalkHealthEnhance.RimTalkHealthEnhanceStartup:.cctor ()
System.Runtime.CompilerServices.RuntimeHelpers:RunClassConstructor (System.RuntimeTypeHandle)
Verse.StaticConstructorOnStartupUtility:CallAll ()
Verse.PlayDataLoader/<>c:<DoPlayLoad>b__4_4 ()
Verse.LongEventHandler:ExecuteToExecuteWhenFinished ()
Verse.LongEventHandler:UpdateCurrentAsynchronousEvent ()
Verse.LongEventHandler:LongEventsUpdate (bool&)
Verse.Root:Update ()
Verse.Root_Entry:Update ()

[RimTalk Enhanced Prompt] Harmony patches applied. Total patched methods: 13
UnityEngine.StackTraceUtility:ExtractStackTrace ()
Verse.Log:Message (string)
RimTalkHealthEnhance.RimTalkHealthEnhanceStartup:.cctor ()
System.Runtime.CompilerServices.RuntimeHelpers:RunClassConstructor (System.RuntimeTypeHandle)
Verse.StaticConstructorOnStartupUtility:CallAll ()
Verse.PlayDataLoader/<>c:<DoPlayLoad>b__4_4 ()
Verse.LongEventHandler:ExecuteToExecuteWhenFinished ()
Verse.LongEventHandler:UpdateCurrentAsynchronousEvent ()
Verse.LongEventHandler:LongEventsUpdate (bool&)
Verse.Root:Update ()
Verse.Root_Entry:Update ()

[RimTalk Enhanced Prompt] ✓ Pawn.Kill patch verified.
UnityEngine.StackTraceUtility:ExtractStackTrace ()
Verse.Log:Message (string)
RimTalkHealthEnhance.RimTalkHealthEnhanceStartup:VerifyEventPatches (HarmonyLib.Harmony)
RimTalkHealthEnhance.RimTalkHealthEnhanceStartup:.cctor ()
System.Runtime.CompilerServices.RuntimeHelpers:RunClassConstructor (System.RuntimeTypeHandle)
Verse.StaticConstructorOnStartupUtility:CallAll ()
Verse.PlayDataLoader/<>c:<DoPlayLoad>b__4_4 ()
Verse.LongEventHandler:ExecuteToExecuteWhenFinished ()
Verse.LongEventHandler:UpdateCurrentAsynchronousEvent ()
Verse.LongEventHandler:LongEventsUpdate (bool&)
Verse.Root:Update ()
Verse.Root_Entry:Update ()

Could not execute post-long-event action. Exception: System.AggregateException: One or more errors occurred. (Could not load type of field 'RimChat.Persistence.PromptConfigJsonCodec:serializer' (0) due to: Could not resolve type with token 0100005b from typeref (expected class 'System.Web.Script.Serialization.JavaScriptSerializer' in assembly 'System.Web.Extensions, Version=4.0.0.0, Culture=neutral, PublicKeyToken=31bf3856ad364e35') assembly:System.Web.Extensions, Version=4.0.0.0, Culture=neutral, PublicKeyToken=31bf3856ad364e35 type:System.Web.Script.Serialization.JavaScriptSerializer member:(null)) ---> System.TypeLoadException: Could not load type of field 'RimChat.Persistence.PromptConfigJsonCodec:serializer' (0) due to: Could not resolve type with token 0100005b from typeref (expected class 'System.Web.Script.Serialization.JavaScriptSerializer' in assembly 'System.Web.Extensions, Version=4.0.0.0, Culture=neutral, PublicKeyToken=31bf3856ad364e35') assembly:System.Web.Extensions, Version=4.0.0.0, Culture=neutral, PublicKeyToken=31bf3856ad364e35 type:System.Web.Script.Serialization.JavaScriptSerializer member:(null)
[Ref 7D549CD2]
(wrapper managed-to-native) System.RuntimeType.GetFields_native(System.RuntimeType,intptr,System.Reflection.BindingFlags,System.RuntimeType/MemberListType)
  at System.RuntimeType.GetFields_internal (System.String name, System.Reflection.BindingFlags bindingAttr, System.RuntimeType+MemberListType listType, System.RuntimeType reflectedType) [0x0001b] in <51fded79cd284d4d911c5949aff4cb21>:0 
  at System.RuntimeType.GetFieldCandidates (System.String name, System.Reflection.BindingFlags bindingAttr, System.Boolean allowPrefixLookup) [0x0000f] in <51fded79cd284d4d911c5949aff4cb21>:0 
  at System.RuntimeType.GetFields (System.Reflection.BindingFlags bindingAttr) [0x00000] in <51fded79cd284d4d911c5949aff4cb21>:0 
  at Verse.StaticConstructorOnStartupUtility+<>c__DisplayClass2_0.<ReportProbablyMissingAttributes>b__0 (System.Type t) [0x00009] in <46372f5dadbf4af8939e608076251180>:0 
  at System.Threading.Tasks.Parallel+<>c__DisplayClass33_0`2[TSource,TLocal].<ForEachWorker>b__0 (System.Int32 i) [0x00012] in <51fded79cd284d4d911c5949aff4cb21>:0 
  at System.Threading.Tasks.Parallel+<>c__DisplayClass19_0`1[TLocal].<ForWorker>b__1 (System.Threading.Tasks.RangeWorker& currentWorker, System.Int32 timeout, System.Boolean& replicationDelegateYieldedBeforeCompletion) [0x000cf] in <51fded79cd284d4d911c5949aff4cb21>:0 
--- End of stack trace from previous location where exception was thrown ---
 [0x0000c] in <51fded79cd284d4d911c5949aff4cb21>:0 
 [0x00006] in <51fded79cd284d4d911c5949aff4cb21>:0 
  at System.Threading.Tasks.Parallel+<>c__DisplayClass19_0`1[TLocal].<ForWorker>b__1 (System.Threading.Tasks.RangeWorker& currentWorker, System.Int32 timeout, System.Boolean& replicationDelegateYieldedBeforeCompletion) [0x001e5] in <51fded79cd284d4d911c5949aff4cb21>:0 
  at System.Threading.Tasks.TaskReplicator+Replica`1[TState].ExecuteAction (System.Boolean& yieldedBeforeCompletion) [0x00000] in <51fded79cd284d4d911c5949aff4cb21>:0 
  at System.Threading.Tasks.TaskReplicator+Replica.Execute () [0x00023] in <51fded79cd284d4d911c5949aff4cb21>:0 
   --- End of inner exception stack trace ---
[Ref 61A81870]
  at System.Threading.Tasks.TaskReplicator.Run[TState] (System.Threading.Tasks.TaskReplicator+ReplicatableUserAction`1[TState] action, System.Threading.Tasks.ParallelOptions options, System.Boolean stopOnFirstFailure) [0x0005b] in <51fded79cd284d4d911c5949aff4cb21>:0 
  at System.Threading.Tasks.Parallel.ForWorker[TLocal] (System.Int32 fromInclusive, System.Int32 toExclusive, System.Threading.Tasks.ParallelOptions parallelOptions, System.Action`1[T] body, System.Action`2[T1,T2] bodyWithState, System.Func`4[T1,T2,T3,TResult] bodyWithLocal, System.Func`1[TResult] localInit, System.Action`1[T] localFinally) [0x00139] in <51fded79cd284d4d911c5949aff4cb21>:0 
--- End of stack trace from previous location where exception was thrown ---
 [0x0000c] in <51fded79cd284d4d911c5949aff4cb21>:0 
 [0x00006] in <51fded79cd284d4d911c5949aff4cb21>:0 
  at System.Threading.Tasks.Parallel.ThrowSingleCancellationExceptionOrOtherException (System.Collections.ICollection exceptions, System.Threading.CancellationToken cancelToken, System.Exception otherException) [0x0000b] in <51fded79cd284d4d911c5949aff4cb21>:0 
  at System.Threading.Tasks.Parallel.ForWorker[TLocal] (System.Int32 fromInclusive, System.Int32 toExclusive, System.Threading.Tasks.ParallelOptions parallelOptions, System.Action`1[T] body, System.Action`2[T1,T2] bodyWithState, System.Func`4[T1,T2,T3,TResult] bodyWithLocal, System.Func`1[TResult] localInit, System.Action`1[T] localFinally) [0x00199] in <51fded79cd284d4d911c5949aff4cb21>:0 
  at System.Threading.Tasks.Parallel.ForEachWorker[TSource,TLocal] (System.Collections.Generic.IList`1[T] list, System.Threading.Tasks.ParallelOptions parallelOptions, System.Action`1[T] body, System.Action`2[T1,T2] bodyWithState, System.Action`3[T1,T2,T3] bodyWithStateAndIndex, System.Func`4[T1,T2,T3,TResult] bodyWithStateAndLocal, System.Func`5[T1,T2,T3,T4,TResult] bodyWithEverything, System.Func`1[TResult] localInit, System.Action`1[T] localFinally) [0x00047] in <51fded79cd284d4d911c5949aff4cb21>:0 
  at System.Threading.Tasks.Parallel.ForEachWorker[TSource,TLocal] (System.Collections.Generic.IEnumerable`1[T] source, System.Threading.Tasks.ParallelOptions parallelOptions, System.Action`1[T] body, System.Action`2[T1,T2] bodyWithState, System.Action`3[T1,T2,T3] bodyWithStateAndIndex, System.Func`4[T1,T2,T3,TResult] bodyWithStateAndLocal, System.Func`5[T1,T2,T3,T4,TResult] bodyWithEverything, System.Func`1[TResult] localInit, System.Action`1[T] localFinally) [0x00036] in <51fded79cd284d4d911c5949aff4cb21>:0 
  at System.Threading.Tasks.Parallel.ForEach[TSource] (System.Collections.Generic.IEnumerable`1[T] source, System.Action`1[T] body) [0x0001c] in <51fded79cd284d4d911c5949aff4cb21>:0 
  at Verse.StaticConstructorOnStartupUtility.ReportProbablyMissingAttributes () [0x00013] in <46372f5dadbf4af8939e608076251180>:0 
  at Verse.PlayDataLoader+<>c.<DoPlayLoad>b__4_4 () [0x00016] in <46372f5dadbf4af8939e608076251180>:0 
  at Verse.LongEventHandler.ExecuteToExecuteWhenFinished () [0x0007c] in <46372f5dadbf4af8939e608076251180>:0 
---> (Inner Exception #0) System.TypeLoadException: Could not load type of field 'RimChat.Persistence.PromptConfigJsonCodec:serializer' (0) due to: Could not resolve type with token 0100005b from typeref (expected class 'System.Web.Script.Serialization.JavaScriptSerializer' in assembly 'System.Web.Extensions, Version=4.0.0.0, Culture=neutral, PublicKeyToken=31bf3856ad364e35') assembly:System.Web.Extensions, Version=4.0.0.0, Culture=neutral, PublicKeyToken=31bf3856ad364e35 type:System.Web.Script.Serialization.JavaScriptSerializer member:(null)
[Ref 7D549CD2] Duplicate stacktrace, see ref for original<---

UnityEngine.StackTraceUtility:ExtractStackTrace ()
Verse.Log:Error (string)
Verse.LongEventHandler:ExecuteToExecuteWhenFinished ()
Verse.LongEventHandler:UpdateCurrentAsynchronousEvent ()
Verse.LongEventHandler:LongEventsUpdate (bool&)
Verse.Root:Update ()
Verse.Root_Entry:Update ()

CharacterEditor v1.6.3 initializing...
UnityEngine.StackTraceUtility:ExtractStackTrace ()
Verse.Log:Message (string)
CharacterEditor.CEditor:.ctor ()
CharacterEditor.CEditor:OnMainMenuInit ()
(wrapper dynamic-method) MonoMod.Utils.DynamicMethodDefinition:RimWorld.MainMenuDrawer.Init_Patch1 ()
Verse.UIRoot_Entry:Init ()
Verse.Root:<Start>b__10_0 ()
Verse.LongEventHandler:UpdateCurrentSynchronousEvent (bool&)
Verse.LongEventHandler:LongEventsUpdate (bool&)
Verse.Root:Update ()
Verse.Root_Entry:Update ()

updating labels for simplified chinese...
UnityEngine.StackTraceUtility:ExtractStackTrace ()
Verse.Log:Message (string)
CharacterEditor.Label:UpdateLabels ()
CharacterEditor.CEditor/ModOptions:ReInit ()
CharacterEditor.CEditor/ModOptions:.ctor ()
CharacterEditor.CEditor/ModData:CreateType (CharacterEditor.EType)
CharacterEditor.CEditor/ModData:Get<CharacterEditor.CEditor/ModOptions> (CharacterEditor.EType)
CharacterEditor.CEditor/ModData:.ctor ()
CharacterEditor.CEditor:.ctor ()
CharacterEditor.CEditor:OnMainMenuInit ()
(wrapper dynamic-method) MonoMod.Utils.DynamicMethodDefinition:RimWorld.MainMenuDrawer.Init_Patch1 ()
Verse.UIRoot_Entry:Init ()
Verse.Root:<Start>b__10_0 ()
Verse.LongEventHandler:UpdateCurrentSynchronousEvent (bool&)
Verse.LongEventHandler:LongEventsUpdate (bool&)
Verse.Root:Update ()
Verse.Root_Entry:Update ()

loading pawn slot content from file...
UnityEngine.StackTraceUtility:ExtractStackTrace ()
Verse.Log:Message (string)
CharacterEditor.CEditor/ModOptions:LoadSlots (string)
CharacterEditor.CEditor/ModOptions:ReInit ()
CharacterEditor.CEditor/ModOptions:.ctor ()
CharacterEditor.CEditor/ModData:CreateType (CharacterEditor.EType)
CharacterEditor.CEditor/ModData:Get<CharacterEditor.CEditor/ModOptions> (CharacterEditor.EType)
CharacterEditor.CEditor/ModData:.ctor ()
CharacterEditor.CEditor:.ctor ()
CharacterEditor.CEditor:OnMainMenuInit ()
(wrapper dynamic-method) MonoMod.Utils.DynamicMethodDefinition:RimWorld.MainMenuDrawer.Init_Patch1 ()
Verse.UIRoot_Entry:Init ()
Verse.Root:<Start>b__10_0 ()
Verse.LongEventHandler:UpdateCurrentSynchronousEvent (bool&)
Verse.LongEventHandler:LongEventsUpdate (bool&)
Verse.Root:Update ()
Verse.Root_Entry:Update ()

character editor instance created
UnityEngine.StackTraceUtility:ExtractStackTrace ()
Verse.Log:Message (string)
CharacterEditor.CEditor:.ctor ()
CharacterEditor.CEditor:OnMainMenuInit ()
(wrapper dynamic-method) MonoMod.Utils.DynamicMethodDefinition:RimWorld.MainMenuDrawer.Init_Patch1 ()
Verse.UIRoot_Entry:Init ()
Verse.Root:<Start>b__10_0 ()
Verse.LongEventHandler:UpdateCurrentSynchronousEvent (bool&)
Verse.LongEventHandler:LongEventsUpdate (bool&)
Verse.Root:Update ()
Verse.Root_Entry:Update ()

checking editor settings...
UnityEngine.StackTraceUtility:ExtractStackTrace ()
Verse.Log:Message (string)
CharacterEditor.CEditor/ModData:OnSettingsChanged (bool,bool)
CharacterEditor.CEditor:OnSettingsChanged (bool,bool)
CharacterEditor.CEditor:OnMainMenuInit ()
(wrapper dynamic-method) MonoMod.Utils.DynamicMethodDefinition:RimWorld.MainMenuDrawer.Init_Patch1 ()
Verse.UIRoot_Entry:Init ()
Verse.Root:<Start>b__10_0 ()
Verse.LongEventHandler:UpdateCurrentSynchronousEvent (bool&)
Verse.LongEventHandler:LongEventsUpdate (bool&)
Verse.Root:Update ()
Verse.Root_Entry:Update ()

bodysizes genes are active
UnityEngine.StackTraceUtility:ExtractStackTrace ()
Verse.Log:Message (string)
CharacterEditor.GeneTool:EnDisableBodySizeGenes ()
CharacterEditor.CEditor/ModData:OnSettingsChanged (bool,bool)
CharacterEditor.CEditor:OnSettingsChanged (bool,bool)
CharacterEditor.CEditor:OnMainMenuInit ()
(wrapper dynamic-method) MonoMod.Utils.DynamicMethodDefinition:RimWorld.MainMenuDrawer.Init_Patch1 ()
Verse.UIRoot_Entry:Init ()
Verse.Root:<Start>b__10_0 ()
Verse.LongEventHandler:UpdateCurrentSynchronousEvent (bool&)
Verse.LongEventHandler:LongEventsUpdate (bool&)
Verse.Root:Update ()
Verse.Root_Entry:Update ()

CharacterEditor v1.6.3 ...done
UnityEngine.StackTraceUtility:ExtractStackTrace ()
Verse.Log:Message (string)
CharacterEditor.CEditor:OnMainMenuInit ()
(wrapper dynamic-method) MonoMod.Utils.DynamicMethodDefinition:RimWorld.MainMenuDrawer.Init_Patch1 ()
Verse.UIRoot_Entry:Init ()
Verse.Root:<Start>b__10_0 ()
Verse.LongEventHandler:UpdateCurrentSynchronousEvent (bool&)
Verse.LongEventHandler:LongEventsUpdate (bool&)
Verse.Root:Update ()
Verse.Root_Entry:Update ()

CE is trying to create default parameter lists ...
UnityEngine.StackTraceUtility:ExtractStackTrace ()
Verse.Log:Message (string)
CharacterEditor.CEditor/ModOptions:CreateDefaultLists ()
CharacterEditor.CEditor:OnMainMenuOnGUI ()
(wrapper dynamic-method) MonoMod.Utils.DynamicMethodDefinition:RimWorld.MainMenuDrawer.MainMenuOnGUI_Patch1 ()
(wrapper dynamic-method) MonoMod.Utils.DynamicMethodDefinition:Verse.UIRoot_Entry.DoMainMenu_Patch1 (Verse.UIRoot_Entry)
Verse.UIRoot_Entry:UIRootOnGUI ()
Verse.Root:OnGUI ()

creating default parameter list for genes...
UnityEngine.StackTraceUtility:ExtractStackTrace ()
Verse.Log:Message (string)
CharacterEditor.CEditor/ModData:CreateType (CharacterEditor.EType)
CharacterEditor.CEditor/ModData:Get<System.Collections.Generic.Dictionary`2<string, CharacterEditor.PresetGene>> (CharacterEditor.EType)
CharacterEditor.CEditor:Get<System.Collections.Generic.Dictionary`2<string, CharacterEditor.PresetGene>> (CharacterEditor.EType)
CharacterEditor.CEditor/ModOptions:CreateDefaultLists ()
CharacterEditor.CEditor:OnMainMenuOnGUI ()
(wrapper dynamic-method) MonoMod.Utils.DynamicMethodDefinition:RimWorld.MainMenuDrawer.MainMenuOnGUI_Patch1 ()
(wrapper dynamic-method) MonoMod.Utils.DynamicMethodDefinition:Verse.UIRoot_Entry.DoMainMenu_Patch1 (Verse.UIRoot_Entry)
Verse.UIRoot_Entry:UIRootOnGUI ()
Verse.Root:OnGUI ()

250 default entities for genes created
UnityEngine.StackTraceUtility:ExtractStackTrace ()
Verse.Log:Message (string)
CharacterEditor.Preset:CreateDefaults<CharacterEditor.PresetGene, Verse.GeneDef> (System.Collections.Generic.HashSet`1<Verse.GeneDef>,System.Func`2<Verse.GeneDef, string>,System.Func`2<Verse.GeneDef, CharacterEditor.PresetGene>,string)
CharacterEditor.PresetGene:CreateDefaults ()
CharacterEditor.CEditor/ModData:CreateType (CharacterEditor.EType)
CharacterEditor.CEditor/ModData:Get<System.Collections.Generic.Dictionary`2<string, CharacterEditor.PresetGene>> (CharacterEditor.EType)
CharacterEditor.CEditor:Get<System.Collections.Generic.Dictionary`2<string, CharacterEditor.PresetGene>> (CharacterEditor.EType)
CharacterEditor.CEditor/ModOptions:CreateDefaultLists ()
CharacterEditor.CEditor:OnMainMenuOnGUI ()
(wrapper dynamic-method) MonoMod.Utils.DynamicMethodDefinition:RimWorld.MainMenuDrawer.MainMenuOnGUI_Patch1 ()
(wrapper dynamic-method) MonoMod.Utils.DynamicMethodDefinition:Verse.UIRoot_Entry.DoMainMenu_Patch1 (Verse.UIRoot_Entry)
Verse.UIRoot_Entry:UIRootOnGUI ()
Verse.Root:OnGUI ()

creating default parameter list for objects...
UnityEngine.StackTraceUtility:ExtractStackTrace ()
Verse.Log:Message (string)
CharacterEditor.CEditor/ModData:CreateType (CharacterEditor.EType)
CharacterEditor.CEditor/ModData:Get<System.Collections.Generic.Dictionary`2<string, CharacterEditor.PresetObject>> (CharacterEditor.EType)
CharacterEditor.CEditor:Get<System.Collections.Generic.Dictionary`2<string, CharacterEditor.PresetObject>> (CharacterEditor.EType)
CharacterEditor.CEditor/ModOptions:CreateDefaultLists ()
CharacterEditor.CEditor:OnMainMenuOnGUI ()
(wrapper dynamic-method) MonoMod.Utils.DynamicMethodDefinition:RimWorld.MainMenuDrawer.MainMenuOnGUI_Patch1 ()
(wrapper dynamic-method) MonoMod.Utils.DynamicMethodDefinition:Verse.UIRoot_Entry.DoMainMenu_Patch1 (Verse.UIRoot_Entry)
Verse.UIRoot_Entry:UIRootOnGUI ()
Verse.Root:OnGUI ()

1634 default entities for objects created
UnityEngine.StackTraceUtility:ExtractStackTrace ()
Verse.Log:Message (string)
CharacterEditor.Preset:CreateDefaults<CharacterEditor.PresetObject, Verse.ThingDef> (System.Collections.Generic.HashSet`1<Verse.ThingDef>,System.Func`2<Verse.ThingDef, string>,System.Func`2<Verse.ThingDef, CharacterEditor.PresetObject>,string)
CharacterEditor.PresetObject:CreateDefaultObjects ()
CharacterEditor.CEditor/ModData:CreateType (CharacterEditor.EType)
CharacterEditor.CEditor/ModData:Get<System.Collections.Generic.Dictionary`2<string, CharacterEditor.PresetObject>> (CharacterEditor.EType)
CharacterEditor.CEditor:Get<System.Collections.Generic.Dictionary`2<string, CharacterEditor.PresetObject>> (CharacterEditor.EType)
CharacterEditor.CEditor/ModOptions:CreateDefaultLists ()
CharacterEditor.CEditor:OnMainMenuOnGUI ()
(wrapper dynamic-method) MonoMod.Utils.DynamicMethodDefinition:RimWorld.MainMenuDrawer.MainMenuOnGUI_Patch1 ()
(wrapper dynamic-method) MonoMod.Utils.DynamicMethodDefinition:Verse.UIRoot_Entry.DoMainMenu_Patch1 (Verse.UIRoot_Entry)
Verse.UIRoot_Entry:UIRootOnGUI ()
Verse.Root:OnGUI ()

creating default parameter list for turrets...
UnityEngine.StackTraceUtility:ExtractStackTrace ()
Verse.Log:Message (string)
CharacterEditor.CEditor/ModData:CreateType (CharacterEditor.EType)
CharacterEditor.CEditor/ModData:Get<System.Collections.Generic.Dictionary`2<string, CharacterEditor.PresetObject>> (CharacterEditor.EType)
CharacterEditor.CEditor:Get<System.Collections.Generic.Dictionary`2<string, CharacterEditor.PresetObject>> (CharacterEditor.EType)
CharacterEditor.CEditor/ModOptions:CreateDefaultLists ()
CharacterEditor.CEditor:OnMainMenuOnGUI ()
(wrapper dynamic-method) MonoMod.Utils.DynamicMethodDefinition:RimWorld.MainMenuDrawer.MainMenuOnGUI_Patch1 ()
(wrapper dynamic-method) MonoMod.Utils.DynamicMethodDefinition:Verse.UIRoot_Entry.DoMainMenu_Patch1 (Verse.UIRoot_Entry)
Verse.UIRoot_Entry:UIRootOnGUI ()
Verse.Root:OnGUI ()

12 default entities for turrets created
UnityEngine.StackTraceUtility:ExtractStackTrace ()
Verse.Log:Message (string)
CharacterEditor.Preset:CreateDefaults<CharacterEditor.PresetObject, Verse.ThingDef> (System.Collections.Generic.HashSet`1<Verse.ThingDef>,System.Func`2<Verse.ThingDef, string>,System.Func`2<Verse.ThingDef, CharacterEditor.PresetObject>,string)
CharacterEditor.PresetObject:CreateDefaultTurrets ()
CharacterEditor.CEditor/ModData:CreateType (CharacterEditor.EType)
CharacterEditor.CEditor/ModData:Get<System.Collections.Generic.Dictionary`2<string, CharacterEditor.PresetObject>> (CharacterEditor.EType)
CharacterEditor.CEditor:Get<System.Collections.Generic.Dictionary`2<string, CharacterEditor.PresetObject>> (CharacterEditor.EType)
CharacterEditor.CEditor/ModOptions:CreateDefaultLists ()
CharacterEditor.CEditor:OnMainMenuOnGUI ()
(wrapper dynamic-method) MonoMod.Utils.DynamicMethodDefinition:RimWorld.MainMenuDrawer.MainMenuOnGUI_Patch1 ()
(wrapper dynamic-method) MonoMod.Utils.DynamicMethodDefinition:Verse.UIRoot_Entry.DoMainMenu_Patch1 (Verse.UIRoot_Entry)
Verse.UIRoot_Entry:UIRootOnGUI ()
Verse.Root:OnGUI ()

...lists created
UnityEngine.StackTraceUtility:ExtractStackTrace ()
Verse.Log:Message (string)
CharacterEditor.CEditor/ModOptions:CreateDefaultLists ()
CharacterEditor.CEditor:OnMainMenuOnGUI ()
(wrapper dynamic-method) MonoMod.Utils.DynamicMethodDefinition:RimWorld.MainMenuDrawer.MainMenuOnGUI_Patch1 ()
(wrapper dynamic-method) MonoMod.Utils.DynamicMethodDefinition:Verse.UIRoot_Entry.DoMainMenu_Patch1 (Verse.UIRoot_Entry)
Verse.UIRoot_Entry:UIRootOnGUI ()
Verse.Root:OnGUI ()

CE is trying to apply modified parameters...
UnityEngine.StackTraceUtility:ExtractStackTrace ()
Verse.Log:Message (string)
CharacterEditor.CEditor/ModOptions:UpdatingCustoms ()
CharacterEditor.CEditor:OnMainMenuOnGUI ()
(wrapper dynamic-method) MonoMod.Utils.DynamicMethodDefinition:RimWorld.MainMenuDrawer.MainMenuOnGUI_Patch1 ()
(wrapper dynamic-method) MonoMod.Utils.DynamicMethodDefinition:Verse.UIRoot_Entry.DoMainMenu_Patch1 (Verse.UIRoot_Entry)
Verse.UIRoot_Entry:UIRootOnGUI ()
Verse.Root:OnGUI ()

no modifications for genes
UnityEngine.StackTraceUtility:ExtractStackTrace ()
Verse.Log:Message (string)
CharacterEditor.Preset:LoadAllModifications (string,System.Action`1<string>,string)
CharacterEditor.PresetGene:LoadAllModifications (string)
CharacterEditor.CEditor/ModOptions:UpdatingCustoms ()
CharacterEditor.CEditor:OnMainMenuOnGUI ()
(wrapper dynamic-method) MonoMod.Utils.DynamicMethodDefinition:RimWorld.MainMenuDrawer.MainMenuOnGUI_Patch1 ()
(wrapper dynamic-method) MonoMod.Utils.DynamicMethodDefinition:Verse.UIRoot_Entry.DoMainMenu_Patch1 (Verse.UIRoot_Entry)
Verse.UIRoot_Entry:UIRootOnGUI ()
Verse.Root:OnGUI ()

no modifications for objects
UnityEngine.StackTraceUtility:ExtractStackTrace ()
Verse.Log:Message (string)
CharacterEditor.Preset:LoadAllModifications (string,System.Action`1<string>,string)
CharacterEditor.PresetObject:LoadAllModifications (string)
CharacterEditor.CEditor/ModOptions:UpdatingCustoms ()
CharacterEditor.CEditor:OnMainMenuOnGUI ()
(wrapper dynamic-method) MonoMod.Utils.DynamicMethodDefinition:RimWorld.MainMenuDrawer.MainMenuOnGUI_Patch1 ()
(wrapper dynamic-method) MonoMod.Utils.DynamicMethodDefinition:Verse.UIRoot_Entry.DoMainMenu_Patch1 (Verse.UIRoot_Entry)
Verse.UIRoot_Entry:UIRootOnGUI ()
Verse.Root:OnGUI ()

no modifications for lifestages
UnityEngine.StackTraceUtility:ExtractStackTrace ()
Verse.Log:Message (string)
CharacterEditor.Preset:LoadAllModifications (string,System.Action`1<string>,string)
CharacterEditor.PresetLifeStage:LoadAllModifications (string)
CharacterEditor.CEditor/ModOptions:UpdatingCustoms ()
CharacterEditor.CEditor:OnMainMenuOnGUI ()
(wrapper dynamic-method) MonoMod.Utils.DynamicMethodDefinition:RimWorld.MainMenuDrawer.MainMenuOnGUI_Patch1 ()
(wrapper dynamic-method) MonoMod.Utils.DynamicMethodDefinition:Verse.UIRoot_Entry.DoMainMenu_Patch1 (Verse.UIRoot_Entry)
Verse.UIRoot_Entry:UIRootOnGUI ()
Verse.Root:OnGUI ()

...done
UnityEngine.StackTraceUtility:ExtractStackTrace ()
Verse.Log:Message (string)
CharacterEditor.CEditor/ModOptions:UpdatingCustoms ()
CharacterEditor.CEditor:OnMainMenuOnGUI ()
(wrapper dynamic-method) MonoMod.Utils.DynamicMethodDefinition:RimWorld.MainMenuDrawer.MainMenuOnGUI_Patch1 ()
(wrapper dynamic-method) MonoMod.Utils.DynamicMethodDefinition:Verse.UIRoot_Entry.DoMainMenu_Patch1 (Verse.UIRoot_Entry)
Verse.UIRoot_Entry:UIRootOnGUI ()
Verse.Root:OnGUI ()
